<?xml version="1.0" encoding="utf-8"?>
<!DOCTYPE coverage SYSTEM "http://cobertura.sourceforge.net/xml/coverage-04.dtd">
<coverage timestamp="1549673210543" line-rate="0.0" lines-covered="0" lines-valid="0" branch-rate="0.0" branches-covered="0" branches-valid="0" complexity="0" version="1.9.4.1"><sources><source>/Users/zgbjgg/dasherl/src</source></sources><packages><package name="dasherl" line-rate="0.627907" branch-rate="0.0" complexity="0"><classes><class name="dasherl_router" filename="dasherl_router.erl" line-rate="0.740741" branch-rate="0.0" complexity="0"><methods/><lines><line number="25" hits="3"/><line number="26" hits="3"/><line number="29" hits="0"/><line number="32" hits="5"/><line number="35" hits="2"/><line number="38" hits="1"/><line number="41" hits="1"/><line number="44" hits="3"/><line number="45" hits="3"/><line number="46" hits="3"/><line number="49" hits="0"/><line number="53" hits="5"/><line number="54" hits="1"/><line number="55" hits="2"/><line number="56" hits="2"/><line number="58" hits="5"/><line number="61" hits="2"/><line number="64" hits="1"/><line number="65" hits="0"/><line number="66" hits="1"/><line number="68" hits="1"/><line number="71" hits="1"/><line number="74" hits="0"/><line number="77" hits="0"/><line number="80" hits="0"/><line number="83" hits="3"/><line number="86" hits="0"/></lines></class><class name="dasherl_app" filename="dasherl_app.erl" line-rate="1.000000" branch-rate="0.0" complexity="0"><methods/><lines><line number="18" hits="3"/><line number="22" hits="3"/></lines></class><class name="dasherl_gunicorn_worker" filename="dasherl_gunicorn_worker.erl" line-rate="0.875000" branch-rate="0.0" complexity="0"><methods/><lines><line number="26" hits="5"/><line number="29" hits="5"/><line number="32" hits="5"/><line number="33" hits="5"/><line number="37" hits="5"/><line number="38" hits="5"/><line number="40" hits="5"/><line number="43" hits="5"/><line number="45" hits="5"/><line number="46" hits="5"/><line number="49" hits="5"/><line number="52" hits="5"/><line number="53" hits="5"/><line number="55" hits="5"/><line number="58" hits="0"/><line number="59" hits="0"/><line number="63" hits="5"/><line number="65" hits="1"/><line number="68" hits="1"/><line number="72" hits="0"/><line number="74" hits="5"/><line number="77" hits="5"/><line number="79" hits="5"/><line number="80" hits="5"/><line number="83" hits="0"/><line number="93" hits="5"/><line number="95" hits="5"/><line number="96" hits="5"/><line number="103" hits="5"/><line number="104" hits="5"/><line number="105" hits="5"/><line number="106" hits="5"/></lines></class><class name="dasherl_sup" filename="dasherl_sup.erl" line-rate="1.000000" branch-rate="0.0" complexity="0"><methods/><lines><line number="25" hits="3"/><line number="36" hits="3"/></lines></class><class name="dasherl_components" filename="dasherl_components.erl" line-rate="0.086957" branch-rate="0.0" complexity="0"><methods/><lines><line number="33" hits="0"/><line number="36" hits="0"/><line number="39" hits="0"/><line number="42" hits="0"/><line number="45" hits="0"/><line number="48" hits="0"/><line number="51" hits="0"/><line number="54" hits="1"/><line number="59" hits="0"/><line number="62" hits="0"/><line number="65" hits="0"/><line number="68" hits="0"/><line number="71" hits="0"/><line number="74" hits="0"/><line number="77" hits="0"/><line number="80" hits="0"/><line number="83" hits="0"/><line number="86" hits="1"/><line number="89" hits="0"/><line number="92" hits="0"/><line number="95" hits="0"/><line number="98" hits="0"/><line number="101" hits="0"/></lines></class></classes></package></packages></coverage>
